<?xml version="1.0" encoding="UTF-8"?>
<!-- Generated by org.testng.reporters.JUnitXMLReporter -->
<testsuite ignored="0" hostname="DELL" failures="0" tests="1" name="Test-Runner-1" time="0.098" errors="0" timestamp="2022-11-29T18:04:24 IST">
  <testcase classname="vTiger.GenericUtilities.BaseClass" name="@BeforeTest bcconfig" time="-1.66972526448E9">
    <failure type="org.testng.TestNGException" message="
Parameter &amp;apos;BROWSER&amp;apos; is required by BeforeTest on method bcconfig but has not been marked @Optional or defined
in C:\Users\Jagadeesh\eclipse-workspace\Vtiger.AutomationFrameWorks\testng_DistributedParallelExecution.xml">
      <![CDATA[org.testng.TestNGException: 
Parameter 'BROWSER' is required by BeforeTest on method bcconfig but has not been marked @Optional or defined
in C:\Users\Jagadeesh\eclipse-workspace\Vtiger.AutomationFrameWorks\testng_DistributedParallelExecution.xml
at java.base/java.util.concurrent.FutureTask.run(FutureTask.java:264)
at java.base/java.util.concurrent.ThreadPoolExecutor.runWorker(ThreadPoolExecutor.java:1136)
at java.base/java.util.concurrent.ThreadPoolExecutor$Worker.run(ThreadPoolExecutor.java:635)
at java.base/java.lang.Thread.run(Thread.java:833)
... Removed 12 stack frames]]>
    </failure>
  </testcase> <!-- @BeforeTest bcconfig -->
  <testcase classname="vTiger.GenericUtilities.BaseClass" name="@BeforeTest bcconfig" time="-1.669725264479E9">
    <failure type="org.testng.TestNGException" message="
Parameter &amp;apos;BROWSER&amp;apos; is required by BeforeTest on method bcconfig but has not been marked @Optional or defined
in C:\Users\Jagadeesh\eclipse-workspace\Vtiger.AutomationFrameWorks\testng_DistributedParallelExecution.xml">
      <![CDATA[org.testng.TestNGException: 
Parameter 'BROWSER' is required by BeforeTest on method bcconfig but has not been marked @Optional or defined
in C:\Users\Jagadeesh\eclipse-workspace\Vtiger.AutomationFrameWorks\testng_DistributedParallelExecution.xml
at java.base/java.util.concurrent.FutureTask.run(FutureTask.java:264)
at java.base/java.util.concurrent.ThreadPoolExecutor.runWorker(ThreadPoolExecutor.java:1136)
at java.base/java.util.concurrent.ThreadPoolExecutor$Worker.run(ThreadPoolExecutor.java:635)
at java.base/java.lang.Thread.run(Thread.java:833)
... Removed 12 stack frames]]>
    </failure>
  </testcase> <!-- @BeforeTest bcconfig -->
  <testcase classname="vTiger.GenericUtilities.BaseClass" name="@BeforeMethod bmconfig" time="-1.669725264539E9">
    <skipped/>
  </testcase> <!-- @BeforeMethod bmconfig -->
  <testcase classname="vTiger.GenericUtilities.BaseClass" name="@BeforeMethod bmconfig" time="-1.669725264539E9">
    <skipped/>
  </testcase> <!-- @BeforeMethod bmconfig -->
  <testcase classname="vTiger.GenericUtilities.BaseClass" name="@AfterMethod amconfig" time="-1.669725264561E9">
    <skipped/>
  </testcase> <!-- @AfterMethod amconfig -->
  <testcase classname="vTiger.GenericUtilities.BaseClass" name="@AfterTest afconfig" time="-1.669725264571E9">
    <skipped/>
  </testcase> <!-- @AfterTest afconfig -->
  <testcase classname="vTiger.GenericUtilities.BaseClass" name="@AfterMethod amconfig" time="-1.669725264588E9">
    <skipped/>
  </testcase> <!-- @AfterMethod amconfig -->
  <testcase classname="vTiger.GenericUtilities.BaseClass" name="@AfterTest afconfig" time="-1.669725264596E9">
    <skipped/>
  </testcase> <!-- @AfterTest afconfig -->
  <testcase classname="vTiger.ContactsTests.CreateContactWithOrganizationsTest" name="createContactWithOrgTest" time="0.0">
    <skipped/>
  </testcase> <!-- createContactWithOrgTest -->
</testsuite> <!-- Test-Runner-1 -->
